[=--------------------------------------------------------=
||          COMPILERS - ALGONQUIN COLLEGE (F23)         ||
|=------------------------------------------------------=|
||                                                      ||
||                   		_-_.                        ||
||	         			 _-',^. `-_.                    ||
||	        		 ._-' ,'   `.   `-_                 ||
||	        		!`-_._________`-':::                ||
||	        		!   /\        /\::::                ||
||	        		;  /  \      /..\:::                ||
||	        		! /    \    /....\::                ||
||	        		!/      \  /......\:                ||
||		        	;--.___. \/_.__.--;;                ||
||	        		 '-_    `:!;;;;;;;'                 ||
||			        	`-_, :!;;;''                    ||
||	        			   `-!'                         ||
||                                                      ||
||     _____    __    __     _____     _____  __ __     ||
||    /\___/\  /_/\  /\_/\  /\  __/\  /\_____\/_/\__/\   ||
||   / / _ \ \ ) ) \/ ( (  ) )(_ ) )( (_____/) ) ) ) )  ||
||   \ \(_)/ //_/ \  / \_\/ / __/ /  \ \__\ /_/ /_/_/   ||
||  / / _ \ \\ \ \\\/ / /\ \  _\ \  / /__/_\ \ \ \ \    ||
||  ( (_( )_) ))_) )( (_(  ) )(__) )( (_____)_) ) \ \  ||
||   \/_/ \/_\/ \/_\/  \/____\/  \/_____/\/_\/ \/\/  ||
||                                                      ||
| =----------------------------------------------------= |
=-------------------------------------------------------=]
[Option 's': Starting READER .....]

[Debug mode: 0]
Reading file INPUT0_Empty.amb ....Please wait

Scanning source file...

Token		Attribute
----------------------------------
SEOF_T		0	

Printing string table...
----------------------------------

----------------------------------
Statistics:
----------------------------------
Token[SEOF_T]=1
----------------------------------
