[=--------------------------------------------------------=
||          COMPILERS - ALGONQUIN COLLEGE (F23)         ||
|=------------------------------------------------------=|
||                                                      ||
||                   		_-_.                        ||
||	         			 _-',^. `-_.                    ||
||	        		 ._-' ,'   `.   `-_                 ||
||	        		!`-_._________`-':::                ||
||	        		!   /\        /\::::                ||
||	        		;  /  \      /..\:::                ||
||	        		! /    \    /....\::                ||
||	        		!/      \  /......\:                ||
||		        	;--.___. \/_.__.--;;                ||
||	        		 '-_    `:!;;;;;;;'                 ||
||			        	`-_, :!;;;''                    ||
||	        			   `-!'                         ||
||                                                      ||
||     _____    __    __     _____     _____  __ __     ||
||    /\___/\  /_/\  /\_/\  /\  __/\  /\_____\/_/\__/\   ||
||   / / _ \ \ ) ) \/ ( (  ) )(_ ) )( (_____/) ) ) ) )  ||
||   \ \(_)/ //_/ \  / \_\/ / __/ /  \ \__\ /_/ /_/_/   ||
||  / / _ \ \\ \ \\\/ / /\ \  _\ \  / /__/_\ \ \ \ \    ||
||  ( (_( )_) ))_) )( (_(  ) )(__) )( (_____)_) ) \ \  ||
||   \/_/ \/_\/ \/_\/  \/____\/  \/_____/\/_\/ \/\/  ||
||                                                      ||
| =----------------------------------------------------= |
=-------------------------------------------------------=]* OPTIONS:
- [a] - Reader
- [m] - Scanner
- [b] - Parser
